This file contains any messages produced by compilers while
running configure, to aid debugging if configure makes a mistake.

It was created by lyricFecther configure 0.1 , which was
generated by GNU Autoconf 2.65.  Invocation command line was

  $ ./configure 

## --------- ##
## Platform. ##
## --------- ##

hostname = liaogang.local
uname -m = x86_64
uname -r = 14.0.0
uname -s = Darwin
uname -v = Darwin Kernel Version 14.0.0: Wed Jun 11 17:57:59 PDT 2014; root:xnu-2775.0.0.0.1~1/RELEASE_X86_64

/usr/bin/uname -p = i386
/bin/uname -X     = unknown

/bin/arch              = unknown
/usr/bin/arch -k       = unknown
/usr/convex/getsysinfo = unknown
/usr/bin/hostinfo      = Mach kernel version:
	 Darwin Kernel Version 14.0.0: Wed Jun 11 17:57:59 PDT 2014; root:xnu-2775.0.0.0.1~1/RELEASE_X86_64
Kernel configured for up to 8 processors.
4 processors are physically available.
8 processors are logically available.
Processor type: i486 (Intel 80486)
Processors active: 0 1 2 3 4 5 6 7
Primary memory available: 8.00 gigabytes
Default processor set: 250 tasks, 1061 threads, 8 processors
Load average: 0.55, Mach factor: 7.44
/bin/machine           = unknown
/usr/bin/oslevel       = unknown
/bin/universe          = unknown

PATH: /opt/local/bin
PATH: /opt/local/sbin
PATH: /usr/local/bin
PATH: /usr/bin
PATH: /bin
PATH: /usr/sbin
PATH: /sbin
PATH: /opt/X11/bin
PATH: /usr/local/git/bin


## ----------- ##
## Core tests. ##
## ----------- ##

configure:2262: checking for a BSD-compatible install
configure:2330: result: /usr/bin/install -c
configure:2341: checking whether build environment is sane
configure:2396: result: yes
configure:2547: checking for a thread-safe mkdir -p
configure:2586: result: ./install-sh -c -d
configure:2593: checking for gawk
configure:2623: result: no
configure:2593: checking for mawk
configure:2623: result: no
configure:2593: checking for nawk
configure:2623: result: no
configure:2593: checking for awk
configure:2609: found /usr/bin/awk
configure:2620: result: awk
configure:2631: checking whether make sets $(MAKE)
configure:2653: result: yes
configure:2682: checking whether make supports nested variables
configure:2699: result: yes
configure:2885: checking for g++
configure:2901: found /usr/bin/g++
configure:2912: result: g++
configure:2939: checking for C++ compiler version
configure:2948: g++ --version >&5
Apple LLVM version 6.0 (clang-600.0.38) (based on LLVM 3.5svn)
Target: x86_64-apple-darwin14.0.0
Thread model: posix
Configured with: --prefix=/Applications/Xcode6-Beta3.app/Contents/Developer/usr --with-gxx-include-dir=/Applications/Xcode6-Beta3.app/Contents/Developer/Platforms/MacOSX.platform/Developer/SDKs/MacOSX10.10.sdk/usr/include/c++/4.2.1
configure:2959: $? = 0
configure:2948: g++ -v >&5
Configured with: --prefix=/Applications/Xcode6-Beta3.app/Contents/Developer/usr --with-gxx-include-dir=/Applications/Xcode6-Beta3.app/Contents/Developer/Platforms/MacOSX.platform/Developer/SDKs/MacOSX10.10.sdk/usr/include/c++/4.2.1
Apple LLVM version 6.0 (clang-600.0.38) (based on LLVM 3.5svn)
Target: x86_64-apple-darwin14.0.0
Thread model: posix
configure:2959: $? = 0
configure:2948: g++ -V >&5
clang: error: argument to '-V' is missing (expected 1 value)
clang: error: no input files
configure:2959: $? = 1
configure:2948: g++ -qversion >&5
clang: error: unknown argument: '-qversion'
clang: error: no input files
configure:2959: $? = 1
configure:2979: checking whether the C++ compiler works
configure:3001: g++    conftest.cpp  >&5
configure:3005: $? = 0
configure:3054: result: yes
configure:3057: checking for C++ compiler default output file name
configure:3059: result: a.out
configure:3065: checking for suffix of executables
configure:3072: g++ -o conftest    conftest.cpp  >&5
configure:3076: $? = 0
configure:3098: result: 
configure:3120: checking whether we are cross compiling
configure:3128: g++ -o conftest    conftest.cpp  >&5
configure:3132: $? = 0
configure:3139: ./conftest
configure:3143: $? = 0
configure:3158: result: no
configure:3163: checking for suffix of object files
configure:3185: g++ -c   conftest.cpp >&5
configure:3189: $? = 0
configure:3210: result: o
configure:3214: checking whether we are using the GNU C++ compiler
configure:3233: g++ -c   conftest.cpp >&5
configure:3233: $? = 0
configure:3242: result: yes
configure:3251: checking whether g++ accepts -g
configure:3271: g++ -c -g  conftest.cpp >&5
configure:3271: $? = 0
configure:3312: result: yes
configure:3346: checking for style of include used by make
configure:3374: result: GNU
configure:3400: checking dependency style of g++
configure:3511: result: gcc3
configure:3574: checking for gcc
configure:3590: found /usr/bin/gcc
configure:3601: result: gcc
configure:3830: checking for C compiler version
configure:3839: gcc --version >&5
Apple LLVM version 6.0 (clang-600.0.38) (based on LLVM 3.5svn)
Target: x86_64-apple-darwin14.0.0
Thread model: posix
Configured with: --prefix=/Applications/Xcode6-Beta3.app/Contents/Developer/usr --with-gxx-include-dir=/Applications/Xcode6-Beta3.app/Contents/Developer/Platforms/MacOSX.platform/Developer/SDKs/MacOSX10.10.sdk/usr/include/c++/4.2.1
configure:3850: $? = 0
configure:3839: gcc -v >&5
Configured with: --prefix=/Applications/Xcode6-Beta3.app/Contents/Developer/usr --with-gxx-include-dir=/Applications/Xcode6-Beta3.app/Contents/Developer/Platforms/MacOSX.platform/Developer/SDKs/MacOSX10.10.sdk/usr/include/c++/4.2.1
Apple LLVM version 6.0 (clang-600.0.38) (based on LLVM 3.5svn)
Target: x86_64-apple-darwin14.0.0
Thread model: posix
configure:3850: $? = 0
configure:3839: gcc -V >&5
clang: error: argument to '-V' is missing (expected 1 value)
clang: error: no input files
configure:3850: $? = 1
configure:3839: gcc -qversion >&5
clang: error: unknown argument: '-qversion'
clang: error: no input files
configure:3850: $? = 1
configure:3854: checking whether we are using the GNU C compiler
configure:3873: gcc -c   conftest.c >&5
configure:3873: $? = 0
configure:3882: result: yes
configure:3891: checking whether gcc accepts -g
configure:3911: gcc -c -g  conftest.c >&5
configure:3911: $? = 0
configure:3952: result: yes
configure:3969: checking for gcc option to accept ISO C89
configure:4033: gcc  -c -g -O2  conftest.c >&5
configure:4033: $? = 0
configure:4046: result: none needed
configure:4071: checking whether gcc understands -c and -o together
configure:4093: gcc -c conftest.c -o conftest2.o
configure:4096: $? = 0
configure:4093: gcc -c conftest.c -o conftest2.o
configure:4096: $? = 0
configure:4108: result: yes
configure:4127: checking dependency style of gcc
configure:4238: result: gcc3
configure:4263: checking how to run the C preprocessor
configure:4294: gcc -E  conftest.c
configure:4294: $? = 0
configure:4308: gcc -E  conftest.c
conftest.c:11:10: fatal error: 'ac_nonexistent.h' file not found
#include <ac_nonexistent.h>
         ^
1 error generated.
configure:4308: $? = 1
configure: failed program was:
| /* confdefs.h */
| #define PACKAGE_NAME "lyricFecther"
| #define PACKAGE_TARNAME "lyricfecther"
| #define PACKAGE_VERSION "0.1 "
| #define PACKAGE_STRING "lyricFecther 0.1 "
| #define PACKAGE_BUGREPORT "ynwlgh@hotmail.com "
| #define PACKAGE_URL ""
| #define PACKAGE "lyricFecther"
| #define VERSION "0.1"
| /* end confdefs.h.  */
| #include <ac_nonexistent.h>
configure:4333: result: gcc -E
configure:4353: gcc -E  conftest.c
configure:4353: $? = 0
configure:4367: gcc -E  conftest.c
conftest.c:11:10: fatal error: 'ac_nonexistent.h' file not found
#include <ac_nonexistent.h>
         ^
1 error generated.
configure:4367: $? = 1
configure: failed program was:
| /* confdefs.h */
| #define PACKAGE_NAME "lyricFecther"
| #define PACKAGE_TARNAME "lyricfecther"
| #define PACKAGE_VERSION "0.1 "
| #define PACKAGE_STRING "lyricFecther 0.1 "
| #define PACKAGE_BUGREPORT "ynwlgh@hotmail.com "
| #define PACKAGE_URL ""
| #define PACKAGE "lyricFecther"
| #define VERSION "0.1"
| /* end confdefs.h.  */
| #include <ac_nonexistent.h>
configure:4396: checking for grep that handles long lines and -e
configure:4454: result: /usr/bin/grep
configure:4459: checking for egrep
configure:4521: result: /usr/bin/grep -E
configure:4526: checking for ANSI C header files
configure:4546: gcc -c -g -O2  conftest.c >&5
configure:4546: $? = 0
configure:4619: gcc -o conftest -g -O2   conftest.c  >&5
configure:4619: $? = 0
configure:4619: ./conftest
configure:4619: $? = 0
configure:4630: result: yes
configure:4643: checking for sys/types.h
configure:4643: gcc -c -g -O2  conftest.c >&5
configure:4643: $? = 0
configure:4643: result: yes
configure:4643: checking for sys/stat.h
configure:4643: gcc -c -g -O2  conftest.c >&5
configure:4643: $? = 0
configure:4643: result: yes
configure:4643: checking for stdlib.h
configure:4643: gcc -c -g -O2  conftest.c >&5
configure:4643: $? = 0
configure:4643: result: yes
configure:4643: checking for string.h
configure:4643: gcc -c -g -O2  conftest.c >&5
configure:4643: $? = 0
configure:4643: result: yes
configure:4643: checking for memory.h
configure:4643: gcc -c -g -O2  conftest.c >&5
configure:4643: $? = 0
configure:4643: result: yes
configure:4643: checking for strings.h
configure:4643: gcc -c -g -O2  conftest.c >&5
configure:4643: $? = 0
configure:4643: result: yes
configure:4643: checking for inttypes.h
configure:4643: gcc -c -g -O2  conftest.c >&5
configure:4643: $? = 0
configure:4643: result: yes
configure:4643: checking for stdint.h
configure:4643: gcc -c -g -O2  conftest.c >&5
configure:4643: $? = 0
configure:4643: result: yes
configure:4643: checking for unistd.h
configure:4643: gcc -c -g -O2  conftest.c >&5
configure:4643: $? = 0
configure:4643: result: yes
configure:4659: checking arpa/inet.h usability
configure:4659: gcc -c -g -O2  conftest.c >&5
configure:4659: $? = 0
configure:4659: result: yes
configure:4659: checking arpa/inet.h presence
configure:4659: gcc -E  conftest.c
configure:4659: $? = 0
configure:4659: result: yes
configure:4659: checking for arpa/inet.h
configure:4659: result: yes
configure:4659: checking fcntl.h usability
configure:4659: gcc -c -g -O2  conftest.c >&5
configure:4659: $? = 0
configure:4659: result: yes
configure:4659: checking fcntl.h presence
configure:4659: gcc -E  conftest.c
configure:4659: $? = 0
configure:4659: result: yes
configure:4659: checking for fcntl.h
configure:4659: result: yes
configure:4659: checking netdb.h usability
configure:4659: gcc -c -g -O2  conftest.c >&5
configure:4659: $? = 0
configure:4659: result: yes
configure:4659: checking netdb.h presence
configure:4659: gcc -E  conftest.c
configure:4659: $? = 0
configure:4659: result: yes
configure:4659: checking for netdb.h
configure:4659: result: yes
configure:4659: checking netinet/in.h usability
configure:4659: gcc -c -g -O2  conftest.c >&5
configure:4659: $? = 0
configure:4659: result: yes
configure:4659: checking netinet/in.h presence
configure:4659: gcc -E  conftest.c
configure:4659: $? = 0
configure:4659: result: yes
configure:4659: checking for netinet/in.h
configure:4659: result: yes
configure:4659: checking for stdlib.h
configure:4659: result: yes
configure:4659: checking sys/socket.h usability
configure:4659: gcc -c -g -O2  conftest.c >&5
configure:4659: $? = 0
configure:4659: result: yes
configure:4659: checking sys/socket.h presence
configure:4659: gcc -E  conftest.c
configure:4659: $? = 0
configure:4659: result: yes
configure:4659: checking for sys/socket.h
configure:4659: result: yes
configure:4659: checking for unistd.h
configure:4659: result: yes
configure:4672: checking for stdbool.h that conforms to C99
configure:4757: gcc -c -g -O2  conftest.c >&5
configure:4757: $? = 0
configure:4764: result: yes
configure:4766: checking for _Bool
configure:4766: gcc -c -g -O2  conftest.c >&5
configure:4766: $? = 0
configure:4766: gcc -c -g -O2  conftest.c >&5
conftest.c:64:20: error: expected expression
if (sizeof ((_Bool)))
                   ^
1 error generated.
configure:4766: $? = 1
configure: failed program was:
| /* confdefs.h */
| #define PACKAGE_NAME "lyricFecther"
| #define PACKAGE_TARNAME "lyricfecther"
| #define PACKAGE_VERSION "0.1 "
| #define PACKAGE_STRING "lyricFecther 0.1 "
| #define PACKAGE_BUGREPORT "ynwlgh@hotmail.com "
| #define PACKAGE_URL ""
| #define PACKAGE "lyricFecther"
| #define VERSION "0.1"
| #define STDC_HEADERS 1
| #define HAVE_SYS_TYPES_H 1
| #define HAVE_SYS_STAT_H 1
| #define HAVE_STDLIB_H 1
| #define HAVE_STRING_H 1
| #define HAVE_MEMORY_H 1
| #define HAVE_STRINGS_H 1
| #define HAVE_INTTYPES_H 1
| #define HAVE_STDINT_H 1
| #define HAVE_UNISTD_H 1
| #define HAVE_ARPA_INET_H 1
| #define HAVE_FCNTL_H 1
| #define HAVE_NETDB_H 1
| #define HAVE_NETINET_IN_H 1
| #define HAVE_STDLIB_H 1
| #define HAVE_SYS_SOCKET_H 1
| #define HAVE_UNISTD_H 1
| /* end confdefs.h.  */
| #include <stdio.h>
| #ifdef HAVE_SYS_TYPES_H
| # include <sys/types.h>
| #endif
| #ifdef HAVE_SYS_STAT_H
| # include <sys/stat.h>
| #endif
| #ifdef STDC_HEADERS
| # include <stdlib.h>
| # include <stddef.h>
| #else
| # ifdef HAVE_STDLIB_H
| #  include <stdlib.h>
| # endif
| #endif
| #ifdef HAVE_STRING_H
| # if !defined STDC_HEADERS && defined HAVE_MEMORY_H
| #  include <memory.h>
| # endif
| # include <string.h>
| #endif
| #ifdef HAVE_STRINGS_H
| # include <strings.h>
| #endif
| #ifdef HAVE_INTTYPES_H
| # include <inttypes.h>
| #endif
| #ifdef HAVE_STDINT_H
| # include <stdint.h>
| #endif
| #ifdef HAVE_UNISTD_H
| # include <unistd.h>
| #endif
| int
| main ()
| {
| if (sizeof ((_Bool)))
| 	    return 0;
|   ;
|   return 0;
| }
configure:4766: result: yes
configure:4782: checking for inline
configure:4798: gcc -c -g -O2  conftest.c >&5
configure:4798: $? = 0
configure:4806: result: inline
configure:4826: checking whether lstat correctly handles trailing slash
configure:4852: gcc -o conftest -g -O2   conftest.c  >&5
configure:4852: $? = 0
configure:4852: ./conftest
configure:4852: $? = 1
configure: program exited with status 1
configure: failed program was:
| /* confdefs.h */
| #define PACKAGE_NAME "lyricFecther"
| #define PACKAGE_TARNAME "lyricfecther"
| #define PACKAGE_VERSION "0.1 "
| #define PACKAGE_STRING "lyricFecther 0.1 "
| #define PACKAGE_BUGREPORT "ynwlgh@hotmail.com "
| #define PACKAGE_URL ""
| #define PACKAGE "lyricFecther"
| #define VERSION "0.1"
| #define STDC_HEADERS 1
| #define HAVE_SYS_TYPES_H 1
| #define HAVE_SYS_STAT_H 1
| #define HAVE_STDLIB_H 1
| #define HAVE_STRING_H 1
| #define HAVE_MEMORY_H 1
| #define HAVE_STRINGS_H 1
| #define HAVE_INTTYPES_H 1
| #define HAVE_STDINT_H 1
| #define HAVE_UNISTD_H 1
| #define HAVE_ARPA_INET_H 1
| #define HAVE_FCNTL_H 1
| #define HAVE_NETDB_H 1
| #define HAVE_NETINET_IN_H 1
| #define HAVE_STDLIB_H 1
| #define HAVE_SYS_SOCKET_H 1
| #define HAVE_UNISTD_H 1
| #define HAVE__BOOL 1
| #define HAVE_STDBOOL_H 1
| /* end confdefs.h.  */
| #include <stdio.h>
| #ifdef HAVE_SYS_TYPES_H
| # include <sys/types.h>
| #endif
| #ifdef HAVE_SYS_STAT_H
| # include <sys/stat.h>
| #endif
| #ifdef STDC_HEADERS
| # include <stdlib.h>
| # include <stddef.h>
| #else
| # ifdef HAVE_STDLIB_H
| #  include <stdlib.h>
| # endif
| #endif
| #ifdef HAVE_STRING_H
| # if !defined STDC_HEADERS && defined HAVE_MEMORY_H
| #  include <memory.h>
| # endif
| # include <string.h>
| #endif
| #ifdef HAVE_STRINGS_H
| # include <strings.h>
| #endif
| #ifdef HAVE_INTTYPES_H
| # include <inttypes.h>
| #endif
| #ifdef HAVE_STDINT_H
| # include <stdint.h>
| #endif
| #ifdef HAVE_UNISTD_H
| # include <unistd.h>
| #endif
| int
| main ()
| {
| struct stat sbuf;
|      /* Linux will dereference the symlink and fail, as required by POSIX.
| 	That is better in the sense that it means we will not
| 	have to compile and use the lstat wrapper.  */
|      return lstat ("conftest.sym/", &sbuf) == 0;
|   ;
|   return 0;
| }
configure:4869: result: no
configure:4890: checking for stdlib.h
configure:4890: result: yes
configure:4900: checking for GNU libc compatible malloc
configure:4924: gcc -o conftest -g -O2   conftest.c  >&5
configure:4924: $? = 0
configure:4924: ./conftest
configure:4924: $? = 0
configure:4934: result: yes
configure:4958: checking for gethostbyname
configure:4958: gcc -o conftest -g -O2   conftest.c  >&5
configure:4958: $? = 0
configure:4958: result: yes
configure:4958: checking for memset
configure:4958: gcc -o conftest -g -O2   conftest.c  >&5
conftest.c:56:6: warning: incompatible redeclaration of library function 'memset' [-Wincompatible-library-redeclaration]
char memset ();
     ^
conftest.c:56:6: note: 'memset' is a builtin with type 'void *(void *, int, unsigned long)'
1 warning generated.
configure:4958: $? = 0
configure:4958: result: yes
configure:4958: checking for socket
configure:4958: gcc -o conftest -g -O2   conftest.c  >&5
configure:4958: $? = 0
configure:4958: result: yes
configure:5070: checking that generated files are newer than configure
configure:5076: result: done
configure:5103: creating ./config.status

## ---------------------- ##
## Running config.status. ##
## ---------------------- ##

This file was extended by lyricFecther config.status 0.1 , which was
generated by GNU Autoconf 2.65.  Invocation command line was

  CONFIG_FILES    = 
  CONFIG_HEADERS  = 
  CONFIG_LINKS    = 
  CONFIG_COMMANDS = 
  $ ./config.status 

on liaogang.local

config.status:876: creating Makefile
config.status:876: creating MakeFile
config.status:876: creating config.h
config.status:1048: config.h is unchanged
config.status:1096: executing depfiles commands

## ---------------- ##
## Cache variables. ##
## ---------------- ##

ac_cv_c_compiler_gnu=yes
ac_cv_c_inline=inline
ac_cv_cxx_compiler_gnu=yes
ac_cv_env_CCC_set=
ac_cv_env_CCC_value=
ac_cv_env_CC_set=
ac_cv_env_CC_value=
ac_cv_env_CFLAGS_set=
ac_cv_env_CFLAGS_value=
ac_cv_env_CPPFLAGS_set=
ac_cv_env_CPPFLAGS_value=
ac_cv_env_CPP_set=
ac_cv_env_CPP_value=
ac_cv_env_CXXFLAGS_set=
ac_cv_env_CXXFLAGS_value=
ac_cv_env_CXX_set=
ac_cv_env_CXX_value=
ac_cv_env_LDFLAGS_set=
ac_cv_env_LDFLAGS_value=
ac_cv_env_LIBS_set=
ac_cv_env_LIBS_value=
ac_cv_env_build_alias_set=
ac_cv_env_build_alias_value=
ac_cv_env_host_alias_set=
ac_cv_env_host_alias_value=
ac_cv_env_target_alias_set=
ac_cv_env_target_alias_value=
ac_cv_func_gethostbyname=yes
ac_cv_func_lstat_dereferences_slashed_symlink=no
ac_cv_func_malloc_0_nonnull=yes
ac_cv_func_memset=yes
ac_cv_func_socket=yes
ac_cv_header_arpa_inet_h=yes
ac_cv_header_fcntl_h=yes
ac_cv_header_inttypes_h=yes
ac_cv_header_memory_h=yes
ac_cv_header_netdb_h=yes
ac_cv_header_netinet_in_h=yes
ac_cv_header_stdbool_h=yes
ac_cv_header_stdc=yes
ac_cv_header_stdint_h=yes
ac_cv_header_stdlib_h=yes
ac_cv_header_string_h=yes
ac_cv_header_strings_h=yes
ac_cv_header_sys_socket_h=yes
ac_cv_header_sys_stat_h=yes
ac_cv_header_sys_types_h=yes
ac_cv_header_unistd_h=yes
ac_cv_objext=o
ac_cv_path_EGREP='/usr/bin/grep -E'
ac_cv_path_GREP=/usr/bin/grep
ac_cv_path_install='/usr/bin/install -c'
ac_cv_prog_AWK=awk
ac_cv_prog_CPP='gcc -E'
ac_cv_prog_ac_ct_CC=gcc
ac_cv_prog_ac_ct_CXX=g++
ac_cv_prog_cc_c89=
ac_cv_prog_cc_g=yes
ac_cv_prog_cxx_g=yes
ac_cv_prog_make_make_set=yes
ac_cv_type__Bool=yes
am_cv_CC_dependencies_compiler_type=gcc3
am_cv_CXX_dependencies_compiler_type=gcc3
am_cv_make_support_nested_variables=yes
am_cv_prog_cc_c_o=yes

## ----------------- ##
## Output variables. ##
## ----------------- ##

ACLOCAL='${SHELL} /Users/shijunhe/Movies/lyricsFetcher/src/missing aclocal-1.14'
AMDEPBACKSLASH='\'
AMDEP_FALSE='#'
AMDEP_TRUE=''
AMTAR='$${TAR-tar}'
AM_BACKSLASH='\'
AM_DEFAULT_V='$(AM_DEFAULT_VERBOSITY)'
AM_DEFAULT_VERBOSITY='1'
AM_V='$(V)'
AUTOCONF='${SHELL} /Users/shijunhe/Movies/lyricsFetcher/src/missing autoconf'
AUTOHEADER='${SHELL} /Users/shijunhe/Movies/lyricsFetcher/src/missing autoheader'
AUTOMAKE='${SHELL} /Users/shijunhe/Movies/lyricsFetcher/src/missing automake-1.14'
AWK='awk'
CC='gcc'
CCDEPMODE='depmode=gcc3'
CFLAGS='-g -O2'
CPP='gcc -E'
CPPFLAGS=''
CXX='g++'
CXXDEPMODE='depmode=gcc3'
CXXFLAGS='-g -O2'
CYGPATH_W='echo'
DEFS='-DHAVE_CONFIG_H'
DEPDIR='.deps'
ECHO_C='\c'
ECHO_N=''
ECHO_T=''
EGREP='/usr/bin/grep -E'
EXEEXT=''
GREP='/usr/bin/grep'
INSTALL_DATA='${INSTALL} -m 644'
INSTALL_PROGRAM='${INSTALL}'
INSTALL_SCRIPT='${INSTALL}'
INSTALL_STRIP_PROGRAM='$(install_sh) -c -s'
LDFLAGS=''
LIBOBJS=' ${LIBOBJDIR}lstat$U.o'
LIBS=''
LTLIBOBJS=' ${LIBOBJDIR}lstat$U.lo'
MAKEINFO='${SHELL} /Users/shijunhe/Movies/lyricsFetcher/src/missing makeinfo'
MKDIR_P='./install-sh -c -d'
OBJEXT='o'
PACKAGE='lyricFecther'
PACKAGE_BUGREPORT='ynwlgh@hotmail.com '
PACKAGE_NAME='lyricFecther'
PACKAGE_STRING='lyricFecther 0.1 '
PACKAGE_TARNAME='lyricfecther'
PACKAGE_URL=''
PACKAGE_VERSION='0.1 '
PATH_SEPARATOR=':'
SET_MAKE=''
SHELL='/bin/sh'
STRIP=''
VERSION='0.1'
ac_ct_CC='gcc'
ac_ct_CXX='g++'
am__EXEEXT_FALSE=''
am__EXEEXT_TRUE='#'
am__fastdepCC_FALSE='#'
am__fastdepCC_TRUE=''
am__fastdepCXX_FALSE='#'
am__fastdepCXX_TRUE=''
am__include='include'
am__isrc=''
am__leading_dot='.'
am__nodep='_no'
am__quote=''
am__tar='$${TAR-tar} chof - "$$tardir"'
am__untar='$${TAR-tar} xf -'
bindir='${exec_prefix}/bin'
build_alias=''
datadir='${datarootdir}'
datarootdir='${prefix}/share'
docdir='${datarootdir}/doc/${PACKAGE_TARNAME}'
dvidir='${docdir}'
exec_prefix='${prefix}'
host_alias=''
htmldir='${docdir}'
includedir='${prefix}/include'
infodir='${datarootdir}/info'
install_sh='${SHELL} /Users/shijunhe/Movies/lyricsFetcher/src/install-sh'
libdir='${exec_prefix}/lib'
libexecdir='${exec_prefix}/libexec'
localedir='${datarootdir}/locale'
localstatedir='${prefix}/var'
mandir='${datarootdir}/man'
mkdir_p='$(MKDIR_P)'
oldincludedir='/usr/include'
pdfdir='${docdir}'
prefix='/usr/local'
program_transform_name='s,x,x,'
psdir='${docdir}'
sbindir='${exec_prefix}/sbin'
sharedstatedir='${prefix}/com'
sysconfdir='${prefix}/etc'
target_alias=''

## ----------- ##
## confdefs.h. ##
## ----------- ##

/* confdefs.h */
#define PACKAGE_NAME "lyricFecther"
#define PACKAGE_TARNAME "lyricfecther"
#define PACKAGE_VERSION "0.1 "
#define PACKAGE_STRING "lyricFecther 0.1 "
#define PACKAGE_BUGREPORT "ynwlgh@hotmail.com "
#define PACKAGE_URL ""
#define PACKAGE "lyricFecther"
#define VERSION "0.1"
#define STDC_HEADERS 1
#define HAVE_SYS_TYPES_H 1
#define HAVE_SYS_STAT_H 1
#define HAVE_STDLIB_H 1
#define HAVE_STRING_H 1
#define HAVE_MEMORY_H 1
#define HAVE_STRINGS_H 1
#define HAVE_INTTYPES_H 1
#define HAVE_STDINT_H 1
#define HAVE_UNISTD_H 1
#define HAVE_ARPA_INET_H 1
#define HAVE_FCNTL_H 1
#define HAVE_NETDB_H 1
#define HAVE_NETINET_IN_H 1
#define HAVE_STDLIB_H 1
#define HAVE_SYS_SOCKET_H 1
#define HAVE_UNISTD_H 1
#define HAVE__BOOL 1
#define HAVE_STDBOOL_H 1
#define HAVE_STDLIB_H 1
#define HAVE_MALLOC 1
#define HAVE_GETHOSTBYNAME 1
#define HAVE_MEMSET 1
#define HAVE_SOCKET 1

configure: exit 0
